[debug] [2024-03-04T09:49:05.784Z] ----------------------------------------------------------------------
[debug] [2024-03-04T09:49:05.790Z] Command:       C:\Program Files\nodejs\node.exe C:\Users\91705\AppData\Roaming\npm\node_modules\firebase-tools\lib\bin\firebase.js emulators:start --only functions
[debug] [2024-03-04T09:49:05.791Z] CLI Version:   13.4.0
[debug] [2024-03-04T09:49:05.791Z] Platform:      win32
[debug] [2024-03-04T09:49:05.795Z] Node Version:  v18.15.0
[debug] [2024-03-04T09:49:05.796Z] Time:          Mon Mar 04 2024 15:19:05 GMT+0530 (India Standard Time)
[debug] [2024-03-04T09:49:05.797Z] ----------------------------------------------------------------------
[debug] 
[debug] [2024-03-04T09:49:06.474Z] > command requires scopes: ["email","openid","https://www.googleapis.com/auth/cloudplatformprojects.readonly","https://www.googleapis.com/auth/firebase","https://www.googleapis.com/auth/cloud-platform"]
[debug] [2024-03-04T09:49:06.476Z] > authorizing via signed-in user (maliktow012@gmail.com)
[info] i  emulators: Starting emulators: functions {"metadata":{"emulator":{"name":"hub"},"message":"Starting emulators: functions"}}
[debug] [2024-03-04T09:49:06.497Z] [logging] Logging Emulator only supports listening on one address (127.0.0.1). Not listening on ::1
[debug] [2024-03-04T09:49:06.497Z] assigned listening specs for emulators {"user":{"hub":[{"address":"127.0.0.1","family":"IPv4","port":4400},{"address":"::1","family":"IPv6","port":4400}],"ui":[{"address":"127.0.0.1","family":"IPv4","port":4000},{"address":"::1","family":"IPv6","port":4000}],"logging":[{"address":"127.0.0.1","family":"IPv4","port":4500}]},"metadata":{"message":"assigned listening specs for emulators"}}
[debug] [2024-03-04T09:49:06.510Z] [hub] writing locator at C:\Users\91705\AppData\Local\Temp\hub-mealstogo-cffb9.json
[debug] [2024-03-04T09:49:06.532Z] [functions] Functions Emulator only supports listening on one address (127.0.0.1). Not listening on ::1
[debug] [2024-03-04T09:49:06.533Z] [eventarc] Eventarc Emulator only supports listening on one address (127.0.0.1). Not listening on ::1
[debug] [2024-03-04T09:49:06.533Z] late-assigned ports for functions and eventarc emulators {"user":{"hub":[{"address":"127.0.0.1","family":"IPv4","port":4400},{"address":"::1","family":"IPv6","port":4400}],"ui":[{"address":"127.0.0.1","family":"IPv4","port":4000},{"address":"::1","family":"IPv6","port":4000}],"logging":[{"address":"127.0.0.1","family":"IPv4","port":4500}],"functions":[{"address":"127.0.0.1","family":"IPv4","port":5001}],"eventarc":[{"address":"127.0.0.1","family":"IPv4","port":9299}]},"metadata":{"message":"late-assigned ports for functions and eventarc emulators"}}
[warn] !  functions: The following emulators are not running, calls to these services from the Functions emulator will affect production: auth, firestore, database, hosting, pubsub, storage {"metadata":{"emulator":{"name":"functions"},"message":"The following emulators are not running, calls to these services from the Functions emulator will affect production: \u001b[1mauth, firestore, database, hosting, pubsub, storage\u001b[22m"}}
[debug] [2024-03-04T09:49:06.541Z] defaultcredentials: writing to file C:\Users\91705\AppData\Roaming\firebase\maliktow012_gmail_com_application_default_credentials.json
[debug] [2024-03-04T09:49:06.561Z] Setting GAC to C:\Users\91705\AppData\Roaming\firebase\maliktow012_gmail_com_application_default_credentials.json {"metadata":{"emulator":{"name":"functions"},"message":"Setting GAC to C:\\Users\\91705\\AppData\\Roaming\\firebase\\maliktow012_gmail_com_application_default_credentials.json"}}
[debug] [2024-03-04T09:49:06.562Z] > refreshing access token with scopes: []
[debug] [2024-03-04T09:49:06.564Z] >>> [apiv2][query] POST https://www.googleapis.com/oauth2/v3/token [none]
[debug] [2024-03-04T09:49:06.564Z] >>> [apiv2][body] POST https://www.googleapis.com/oauth2/v3/token [omitted]
[debug] [2024-03-04T09:49:06.978Z] <<< [apiv2][status] POST https://www.googleapis.com/oauth2/v3/token 200
[debug] [2024-03-04T09:49:06.978Z] <<< [apiv2][body] POST https://www.googleapis.com/oauth2/v3/token [omitted]
[debug] [2024-03-04T09:49:06.991Z] >>> [apiv2][query] GET https://firebase.googleapis.com/v1beta1/projects/mealstogo-cffb9/adminSdkConfig [none]
[debug] [2024-03-04T09:49:08.433Z] <<< [apiv2][status] GET https://firebase.googleapis.com/v1beta1/projects/mealstogo-cffb9/adminSdkConfig 200
[debug] [2024-03-04T09:49:08.434Z] <<< [apiv2][body] GET https://firebase.googleapis.com/v1beta1/projects/mealstogo-cffb9/adminSdkConfig {"projectId":"mealstogo-cffb9","storageBucket":"mealstogo-cffb9.appspot.com"}
[debug] [2024-03-04T09:49:08.472Z] Ignoring unsupported arg: auto_download {"metadata":{"emulator":{"name":"ui"},"message":"Ignoring unsupported arg: auto_download"}}
[debug] [2024-03-04T09:49:08.472Z] Ignoring unsupported arg: port {"metadata":{"emulator":{"name":"ui"},"message":"Ignoring unsupported arg: port"}}
[debug] [2024-03-04T09:49:08.472Z] Starting Emulator UI with command {"binary":"node","args":["C:\\Users\\91705\\.cache\\firebase\\emulators\\ui-v1.11.7\\server\\server.js"],"optionalArgs":[],"joinArgs":false} {"metadata":{"emulator":{"name":"ui"},"message":"Starting Emulator UI with command {\"binary\":\"node\",\"args\":[\"C:\\\\Users\\\\91705\\\\.cache\\\\firebase\\\\emulators\\\\ui-v1.11.7\\\\server\\\\server.js\"],\"optionalArgs\":[],\"joinArgs\":false}"}}
[info] i  ui: Emulator UI logging to ui-debug.log {"metadata":{"emulator":{"name":"ui"},"message":"Emulator UI logging to \u001b[1mui-debug.log\u001b[22m"}}
[debug] [2024-03-04T09:49:08.720Z] Web / API server started at 127.0.0.1:4000
 {"metadata":{"emulator":{"name":"ui"},"message":"Web / API server started at 127.0.0.1:4000\n"}}
[debug] [2024-03-04T09:49:08.721Z] Web / API server started at ::1:4000
 {"metadata":{"emulator":{"name":"ui"},"message":"Web / API server started at ::1:4000\n"}}
[info] i  functions: Watching "C:\Users\91705\Desktop\learning new things\react-native\mealsToGo\functions" for Cloud Functions... {"metadata":{"emulator":{"name":"functions"},"message":"Watching \"C:\\Users\\91705\\Desktop\\learning new things\\react-native\\mealsToGo\\functions\" for Cloud Functions..."}}
[debug] [2024-03-04T09:49:08.751Z] Validating nodejs source
[debug] [2024-03-04T09:49:12.233Z] > [functions] package.json contents: {
  "name": "functions",
  "description": "Cloud Functions for Firebase",
  "scripts": {
    "serve": "firebase emulators:start --only functions",
    "shell": "firebase functions:shell",
    "start": "npm run shell",
    "deploy": "firebase deploy --only functions",
    "logs": "firebase functions:log"
  },
  "engines": {
    "node": "18"
  },
  "main": "index.js",
  "dependencies": {
    "firebase-admin": "^11.8.0",
    "firebase-functions": "^4.3.1",
    "stripe": "^14.19.0"
  },
  "devDependencies": {
    "firebase-functions-test": "^3.1.0"
  },
  "private": true
}
[debug] [2024-03-04T09:49:12.233Z] Building nodejs source
[debug] [2024-03-04T09:49:12.234Z] Failed to find version of module node: reached end of search path C:\Users\91705\Desktop\learning new things\react-native\mealsToGo\functions\node_modules
[info] +  functions: Using node@18 from host. 
[debug] [2024-03-04T09:49:12.237Z] Could not find functions.yaml. Must use http discovery
[debug] [2024-03-04T09:49:12.245Z] Found firebase-functions binary at 'C:\Users\91705\Desktop\learning new things\react-native\mealsToGo\functions\node_modules\.bin\firebase-functions'
[info] Serving at port 8604

[debug] [2024-03-04T09:49:13.788Z] Got response from /__/functions.yaml {"endpoints":{"geocode":{"availableMemoryMb":null,"timeoutSeconds":null,"minInstances":null,"maxInstances":null,"ingressSettings":null,"concurrency":null,"serviceAccountEmail":null,"vpc":null,"platform":"gcfv2","labels":{},"httpsTrigger":{},"entryPoint":"geocode"},"placesNearby":{"availableMemoryMb":null,"timeoutSeconds":null,"minInstances":null,"maxInstances":null,"ingressSettings":null,"concurrency":null,"serviceAccountEmail":null,"vpc":null,"platform":"gcfv2","labels":{},"httpsTrigger":{},"entryPoint":"placesNearby"},"pay":{"availableMemoryMb":null,"timeoutSeconds":null,"minInstances":null,"maxInstances":null,"ingressSettings":null,"concurrency":null,"serviceAccountEmail":null,"vpc":null,"platform":"gcfv2","labels":{},"httpsTrigger":{},"entryPoint":"pay"}},"specVersion":"v1alpha1","requiredAPIs":[]}
[info] +  functions: Loaded functions definitions from source: geocode, placesNearby, pay. {"metadata":{"emulator":{"name":"functions"},"message":"Loaded functions definitions from source: geocode, placesNearby, pay."}}
[info] +  functions[us-central1-geocode]: http function initialized (http://127.0.0.1:5001/mealstogo-cffb9/us-central1/geocode). {"metadata":{"emulator":{"name":"functions"},"message":"\u001b[1mhttp\u001b[22m function initialized (http://127.0.0.1:5001/mealstogo-cffb9/us-central1/geocode)."}}
[info] +  functions[us-central1-placesNearby]: http function initialized (http://127.0.0.1:5001/mealstogo-cffb9/us-central1/placesNearby). {"metadata":{"emulator":{"name":"functions"},"message":"\u001b[1mhttp\u001b[22m function initialized (http://127.0.0.1:5001/mealstogo-cffb9/us-central1/placesNearby)."}}
[info] +  functions[us-central1-pay]: http function initialized (http://127.0.0.1:5001/mealstogo-cffb9/us-central1/pay). {"metadata":{"emulator":{"name":"functions"},"message":"\u001b[1mhttp\u001b[22m function initialized (http://127.0.0.1:5001/mealstogo-cffb9/us-central1/pay)."}}
[info] 
┌─────────────────────────────────────────────────────────────┐
│ ✔  All emulators ready! It is now safe to connect your app. │
│ i  View Emulator UI at http://127.0.0.1:4000/               │
└─────────────────────────────────────────────────────────────┘

┌───────────┬────────────────┬─────────────────────────────────┐
│ Emulator  │ Host:Port      │ View in Emulator UI             │
├───────────┼────────────────┼─────────────────────────────────┤
│ Functions │ 127.0.0.1:5001 │ http://127.0.0.1:4000/functions │
└───────────┴────────────────┴─────────────────────────────────┘
  Emulator Hub running at 127.0.0.1:4400
  Other reserved ports: 4500

Issues? Report them at https://github.com/firebase/firebase-tools/issues and attach the *-debug.log files.
 
[debug] [2024-03-04T09:51:34.383Z] [work-queue] {"queuedWork":["/mealstogo-cffb9/us-central1/geocode-2024-03-04T09:51:34.383Z"],"queueLength":1,"runningWork":[],"workRunningCount":0}
[debug] [2024-03-04T09:51:34.384Z] [work-queue] {"queuedWork":[],"queueLength":0,"runningWork":["/mealstogo-cffb9/us-central1/geocode-2024-03-04T09:51:34.383Z"],"workRunningCount":1}
[debug] [2024-03-04T09:51:34.384Z] Accepted request GET /mealstogo-cffb9/us-central1/geocode?city=antwerp --> us-central1-geocode
[debug] [2024-03-04T09:51:34.389Z] [functions] Runtime ready! Sending request! {"metadata":{"emulator":{"name":"functions"},"message":"[functions] Runtime ready! Sending request!"}}
[debug] [2024-03-04T09:51:34.391Z] [functions] Got req.url=/mealstogo-cffb9/us-central1/geocode?city=antwerp, mapping to path=/?city=antwerp {"metadata":{"emulator":{"name":"functions"},"message":"[functions] Got req.url=/mealstogo-cffb9/us-central1/geocode?city=antwerp, mapping to path=/?city=antwerp"}}
[debug] [2024-03-04T09:51:34.404Z] [worker-pool] addWorker(us-central1-geocode) {"metadata":{"emulator":{"name":"functions"},"message":"[worker-pool] addWorker(us-central1-geocode)"}}
[debug] [2024-03-04T09:51:34.405Z] [worker-pool] Adding worker with key us-central1-geocode, total=1 {"metadata":{"emulator":{"name":"functions"},"message":"[worker-pool] Adding worker with key us-central1-geocode, total=1"}}
[debug] [2024-03-04T09:51:36.683Z] [runtime-status] [13032] Resolved module firebase-admin {"declared":true,"installed":true,"version":"11.11.1","resolution":"C:\\Users\\91705\\Desktop\\learning new things\\react-native\\mealsToGo\\functions\\node_modules\\firebase-admin\\lib\\index.js"} {"metadata":{"emulator":{"name":"functions"},"function":{"name":"us-central1-geocode"},"extension":{},"message":"[runtime-status] [13032] Resolved module firebase-admin {\"declared\":true,\"installed\":true,\"version\":\"11.11.1\",\"resolution\":\"C:\\\\Users\\\\91705\\\\Desktop\\\\learning new things\\\\react-native\\\\mealsToGo\\\\functions\\\\node_modules\\\\firebase-admin\\\\lib\\\\index.js\"}"}}
[debug] [2024-03-04T09:51:36.685Z] [runtime-status] [13032] Resolved module firebase-functions {"declared":true,"installed":true,"version":"4.7.0","resolution":"C:\\Users\\91705\\Desktop\\learning new things\\react-native\\mealsToGo\\functions\\node_modules\\firebase-functions\\lib\\v1\\index.js"} {"metadata":{"emulator":{"name":"functions"},"function":{"name":"us-central1-geocode"},"extension":{},"message":"[runtime-status] [13032] Resolved module firebase-functions {\"declared\":true,\"installed\":true,\"version\":\"4.7.0\",\"resolution\":\"C:\\\\Users\\\\91705\\\\Desktop\\\\learning new things\\\\react-native\\\\mealsToGo\\\\functions\\\\node_modules\\\\firebase-functions\\\\lib\\\\v1\\\\index.js\"}"}}
[debug] [2024-03-04T09:51:36.685Z] [runtime-status] [13032] Found local functions config: C:\Users\91705\Desktop\learning new things\react-native\mealsToGo\functions/.runtimeconfig.json {"metadata":{"emulator":{"name":"functions"},"function":{"name":"us-central1-geocode"},"extension":{},"message":"[runtime-status] [13032] Found local functions config: C:\\Users\\91705\\Desktop\\learning new things\\react-native\\mealsToGo\\functions/.runtimeconfig.json"}}
[debug] [2024-03-04T09:51:36.686Z] [runtime-status] [13032] Outgoing network have been stubbed. [{"name":"http","status":"mocked"},{"name":"http","status":"mocked"},{"name":"https","status":"mocked"},{"name":"https","status":"mocked"},{"name":"net","status":"mocked"}] {"metadata":{"emulator":{"name":"functions"},"function":{"name":"us-central1-geocode"},"extension":{},"message":"[runtime-status] [13032] Outgoing network have been stubbed. [{\"name\":\"http\",\"status\":\"mocked\"},{\"name\":\"http\",\"status\":\"mocked\"},{\"name\":\"https\",\"status\":\"mocked\"},{\"name\":\"https\",\"status\":\"mocked\"},{\"name\":\"net\",\"status\":\"mocked\"}]"}}
[debug] [2024-03-04T09:51:36.687Z] [runtime-status] [13032] Resolved module firebase-functions {"declared":true,"installed":true,"version":"4.7.0","resolution":"C:\\Users\\91705\\Desktop\\learning new things\\react-native\\mealsToGo\\functions\\node_modules\\firebase-functions\\lib\\v1\\index.js"} {"metadata":{"emulator":{"name":"functions"},"function":{"name":"us-central1-geocode"},"extension":{},"message":"[runtime-status] [13032] Resolved module firebase-functions {\"declared\":true,\"installed\":true,\"version\":\"4.7.0\",\"resolution\":\"C:\\\\Users\\\\91705\\\\Desktop\\\\learning new things\\\\react-native\\\\mealsToGo\\\\functions\\\\node_modules\\\\firebase-functions\\\\lib\\\\v1\\\\index.js\"}"}}
[debug] [2024-03-04T09:51:37.209Z] [runtime-status] [13032] Checked functions.config() {"config":{}} {"metadata":{"emulator":{"name":"functions"},"function":{"name":"us-central1-geocode"},"extension":{},"message":"[runtime-status] [13032] Checked functions.config() {\"config\":{}}"}}
[debug] [2024-03-04T09:51:37.209Z] [runtime-status] [13032] firebase-functions has been stubbed. {"functionsResolution":{"declared":true,"installed":true,"version":"4.7.0","resolution":"C:\\Users\\91705\\Desktop\\learning new things\\react-native\\mealsToGo\\functions\\node_modules\\firebase-functions\\lib\\v1\\index.js"}} {"metadata":{"emulator":{"name":"functions"},"function":{"name":"us-central1-geocode"},"extension":{},"message":"[runtime-status] [13032] firebase-functions has been stubbed. {\"functionsResolution\":{\"declared\":true,\"installed\":true,\"version\":\"4.7.0\",\"resolution\":\"C:\\\\Users\\\\91705\\\\Desktop\\\\learning new things\\\\react-native\\\\mealsToGo\\\\functions\\\\node_modules\\\\firebase-functions\\\\lib\\\\v1\\\\index.js\"}}"}}
[debug] [2024-03-04T09:51:37.210Z] [runtime-status] [13032] Resolved module firebase-functions {"declared":true,"installed":true,"version":"4.7.0","resolution":"C:\\Users\\91705\\Desktop\\learning new things\\react-native\\mealsToGo\\functions\\node_modules\\firebase-functions\\lib\\v1\\index.js"} {"metadata":{"emulator":{"name":"functions"},"function":{"name":"us-central1-geocode"},"extension":{},"message":"[runtime-status] [13032] Resolved module firebase-functions {\"declared\":true,\"installed\":true,\"version\":\"4.7.0\",\"resolution\":\"C:\\\\Users\\\\91705\\\\Desktop\\\\learning new things\\\\react-native\\\\mealsToGo\\\\functions\\\\node_modules\\\\firebase-functions\\\\lib\\\\v1\\\\index.js\"}"}}
[debug] [2024-03-04T09:51:37.212Z] [runtime-status] [13032] Resolved module firebase-admin {"declared":true,"installed":true,"version":"11.11.1","resolution":"C:\\Users\\91705\\Desktop\\learning new things\\react-native\\mealsToGo\\functions\\node_modules\\firebase-admin\\lib\\index.js"} {"metadata":{"emulator":{"name":"functions"},"function":{"name":"us-central1-geocode"},"extension":{},"message":"[runtime-status] [13032] Resolved module firebase-admin {\"declared\":true,\"installed\":true,\"version\":\"11.11.1\",\"resolution\":\"C:\\\\Users\\\\91705\\\\Desktop\\\\learning new things\\\\react-native\\\\mealsToGo\\\\functions\\\\node_modules\\\\firebase-admin\\\\lib\\\\index.js\"}"}}
[debug] [2024-03-04T09:51:37.217Z] [runtime-status] [13032] Resolved module firebase-functions {"declared":true,"installed":true,"version":"4.7.0","resolution":"C:\\Users\\91705\\Desktop\\learning new things\\react-native\\mealsToGo\\functions\\node_modules\\firebase-functions\\lib\\v1\\index.js"} {"metadata":{"emulator":{"name":"functions"},"function":{"name":"us-central1-geocode"},"extension":{},"message":"[runtime-status] [13032] Resolved module firebase-functions {\"declared\":true,\"installed\":true,\"version\":\"4.7.0\",\"resolution\":\"C:\\\\Users\\\\91705\\\\Desktop\\\\learning new things\\\\react-native\\\\mealsToGo\\\\functions\\\\node_modules\\\\firebase-functions\\\\lib\\\\v1\\\\index.js\"}"}}
[debug] [2024-03-04T09:51:37.218Z] [runtime-status] [13032] firebase-admin has been stubbed. {"adminResolution":{"declared":true,"installed":true,"version":"11.11.1","resolution":"C:\\Users\\91705\\Desktop\\learning new things\\react-native\\mealsToGo\\functions\\node_modules\\firebase-admin\\lib\\index.js"}} {"metadata":{"emulator":{"name":"functions"},"function":{"name":"us-central1-geocode"},"extension":{},"message":"[runtime-status] [13032] firebase-admin has been stubbed. {\"adminResolution\":{\"declared\":true,\"installed\":true,\"version\":\"11.11.1\",\"resolution\":\"C:\\\\Users\\\\91705\\\\Desktop\\\\learning new things\\\\react-native\\\\mealsToGo\\\\functions\\\\node_modules\\\\firebase-admin\\\\lib\\\\index.js\"}}"}}
[debug] [2024-03-04T09:51:37.383Z] [runtime-status] [13032] Functions runtime initialized. {"cwd":"C:\\Users\\91705\\Desktop\\learning new things\\react-native\\mealsToGo\\functions","node_version":"18.15.0"} {"metadata":{"emulator":{"name":"functions"},"function":{"name":"us-central1-geocode"},"extension":{},"message":"[runtime-status] [13032] Functions runtime initialized. {\"cwd\":\"C:\\\\Users\\\\91705\\\\Desktop\\\\learning new things\\\\react-native\\\\mealsToGo\\\\functions\",\"node_version\":\"18.15.0\"}"}}
[debug] [2024-03-04T09:51:37.383Z] [runtime-status] [13032] Listening to port: \\?\pipe\fire_emu_0770f8f81ade3d3b {"metadata":{"emulator":{"name":"functions"},"function":{"name":"us-central1-geocode"},"extension":{},"message":"[runtime-status] [13032] Listening to port: \\\\?\\pipe\\fire_emu_0770f8f81ade3d3b"}}
[debug] [2024-03-04T09:51:37.940Z] [worker-us-central1-geocode-27c458d5-6eab-40c2-8d62-cc1b7603f4a7]: IDLE {"metadata":{"emulator":{"name":"functions"},"function":{"name":"us-central1-geocode"},"extension":{},"message":"[worker-us-central1-geocode-27c458d5-6eab-40c2-8d62-cc1b7603f4a7]: IDLE"}}
[debug] [2024-03-04T09:51:37.940Z] [worker-pool] submitRequest(triggerId=us-central1-geocode) {"metadata":{"emulator":{"name":"functions"},"message":"[worker-pool] submitRequest(triggerId=us-central1-geocode)"}}
[info] i  functions: Beginning execution of "us-central1-geocode" {"metadata":{"emulator":{"name":"functions"},"function":{"name":"us-central1-geocode"},"extension":{},"message":"Beginning execution of \"us-central1-geocode\""}}
[debug] [2024-03-04T09:51:37.942Z] [worker-us-central1-geocode-27c458d5-6eab-40c2-8d62-cc1b7603f4a7]: BUSY {"metadata":{"emulator":{"name":"functions"},"function":{"name":"us-central1-geocode"},"extension":{},"message":"[worker-us-central1-geocode-27c458d5-6eab-40c2-8d62-cc1b7603f4a7]: BUSY"}}
[debug] [2024-03-04T09:51:37.950Z] Finishing up request with event=pause {"metadata":{"emulator":{"name":"functions"},"function":{"name":"us-central1-geocode"},"extension":{},"message":"Finishing up request with event=pause"}}
[info] i  functions: Finished "us-central1-geocode" in 9.0287ms {"metadata":{"emulator":{"name":"functions"},"function":{"name":"us-central1-geocode"},"extension":{},"message":"Finished \"us-central1-geocode\" in 9.0287ms"}}
[debug] [2024-03-04T09:51:37.951Z] [worker-us-central1-geocode-27c458d5-6eab-40c2-8d62-cc1b7603f4a7]: IDLE {"metadata":{"emulator":{"name":"functions"},"function":{"name":"us-central1-geocode"},"extension":{},"message":"[worker-us-central1-geocode-27c458d5-6eab-40c2-8d62-cc1b7603f4a7]: IDLE"}}
[debug] [2024-03-04T09:51:37.951Z] Finishing up request with event=finish {"metadata":{"emulator":{"name":"functions"},"function":{"name":"us-central1-geocode"},"extension":{},"message":"Finishing up request with event=finish"}}
[debug] [2024-03-04T09:51:37.952Z] Finishing up request with event=close {"metadata":{"emulator":{"name":"functions"},"function":{"name":"us-central1-geocode"},"extension":{},"message":"Finishing up request with event=close"}}
[debug] [2024-03-04T09:51:37.952Z] [work-queue] {"queuedWork":[],"queueLength":0,"runningWork":[],"workRunningCount":0}
[debug] [2024-03-04T09:51:38.071Z] [work-queue] {"queuedWork":["/mealstogo-cffb9/us-central1/placesNearby-2024-03-04T09:51:38.071Z"],"queueLength":1,"runningWork":[],"workRunningCount":0}
[debug] [2024-03-04T09:51:38.072Z] [work-queue] {"queuedWork":[],"queueLength":0,"runningWork":["/mealstogo-cffb9/us-central1/placesNearby-2024-03-04T09:51:38.071Z"],"workRunningCount":1}
[debug] [2024-03-04T09:51:38.072Z] Accepted request GET /mealstogo-cffb9/us-central1/placesNearby?location=51.219448,4.402464 --> us-central1-placesNearby
[debug] [2024-03-04T09:51:38.076Z] [functions] Runtime ready! Sending request! {"metadata":{"emulator":{"name":"functions"},"message":"[functions] Runtime ready! Sending request!"}}
[debug] [2024-03-04T09:51:38.076Z] [functions] Got req.url=/mealstogo-cffb9/us-central1/placesNearby?location=51.219448,4.402464, mapping to path=/?location=51.219448,4.402464 {"metadata":{"emulator":{"name":"functions"},"message":"[functions] Got req.url=/mealstogo-cffb9/us-central1/placesNearby?location=51.219448,4.402464, mapping to path=/?location=51.219448,4.402464"}}
[debug] [2024-03-04T09:51:38.082Z] [worker-pool] addWorker(us-central1-placesNearby) {"metadata":{"emulator":{"name":"functions"},"message":"[worker-pool] addWorker(us-central1-placesNearby)"}}
[debug] [2024-03-04T09:51:38.082Z] [worker-pool] Adding worker with key us-central1-placesNearby, total=1 {"metadata":{"emulator":{"name":"functions"},"message":"[worker-pool] Adding worker with key us-central1-placesNearby, total=1"}}
[debug] [2024-03-04T09:51:39.640Z] [runtime-status] [8280] Resolved module firebase-admin {"declared":true,"installed":true,"version":"11.11.1","resolution":"C:\\Users\\91705\\Desktop\\learning new things\\react-native\\mealsToGo\\functions\\node_modules\\firebase-admin\\lib\\index.js"} {"metadata":{"emulator":{"name":"functions"},"function":{"name":"us-central1-placesNearby"},"extension":{},"message":"[runtime-status] [8280] Resolved module firebase-admin {\"declared\":true,\"installed\":true,\"version\":\"11.11.1\",\"resolution\":\"C:\\\\Users\\\\91705\\\\Desktop\\\\learning new things\\\\react-native\\\\mealsToGo\\\\functions\\\\node_modules\\\\firebase-admin\\\\lib\\\\index.js\"}"}}
[debug] [2024-03-04T09:51:39.643Z] [runtime-status] [8280] Resolved module firebase-functions {"declared":true,"installed":true,"version":"4.7.0","resolution":"C:\\Users\\91705\\Desktop\\learning new things\\react-native\\mealsToGo\\functions\\node_modules\\firebase-functions\\lib\\v1\\index.js"} {"metadata":{"emulator":{"name":"functions"},"function":{"name":"us-central1-placesNearby"},"extension":{},"message":"[runtime-status] [8280] Resolved module firebase-functions {\"declared\":true,\"installed\":true,\"version\":\"4.7.0\",\"resolution\":\"C:\\\\Users\\\\91705\\\\Desktop\\\\learning new things\\\\react-native\\\\mealsToGo\\\\functions\\\\node_modules\\\\firebase-functions\\\\lib\\\\v1\\\\index.js\"}"}}
[debug] [2024-03-04T09:51:39.643Z] [runtime-status] [8280] Found local functions config: C:\Users\91705\Desktop\learning new things\react-native\mealsToGo\functions/.runtimeconfig.json {"metadata":{"emulator":{"name":"functions"},"function":{"name":"us-central1-placesNearby"},"extension":{},"message":"[runtime-status] [8280] Found local functions config: C:\\Users\\91705\\Desktop\\learning new things\\react-native\\mealsToGo\\functions/.runtimeconfig.json"}}
[debug] [2024-03-04T09:51:39.644Z] [runtime-status] [8280] Outgoing network have been stubbed. [{"name":"http","status":"mocked"},{"name":"http","status":"mocked"},{"name":"https","status":"mocked"},{"name":"https","status":"mocked"},{"name":"net","status":"mocked"}] {"metadata":{"emulator":{"name":"functions"},"function":{"name":"us-central1-placesNearby"},"extension":{},"message":"[runtime-status] [8280] Outgoing network have been stubbed. [{\"name\":\"http\",\"status\":\"mocked\"},{\"name\":\"http\",\"status\":\"mocked\"},{\"name\":\"https\",\"status\":\"mocked\"},{\"name\":\"https\",\"status\":\"mocked\"},{\"name\":\"net\",\"status\":\"mocked\"}]"}}
[debug] [2024-03-04T09:51:39.645Z] [runtime-status] [8280] Resolved module firebase-functions {"declared":true,"installed":true,"version":"4.7.0","resolution":"C:\\Users\\91705\\Desktop\\learning new things\\react-native\\mealsToGo\\functions\\node_modules\\firebase-functions\\lib\\v1\\index.js"} {"metadata":{"emulator":{"name":"functions"},"function":{"name":"us-central1-placesNearby"},"extension":{},"message":"[runtime-status] [8280] Resolved module firebase-functions {\"declared\":true,\"installed\":true,\"version\":\"4.7.0\",\"resolution\":\"C:\\\\Users\\\\91705\\\\Desktop\\\\learning new things\\\\react-native\\\\mealsToGo\\\\functions\\\\node_modules\\\\firebase-functions\\\\lib\\\\v1\\\\index.js\"}"}}
[debug] [2024-03-04T09:51:39.957Z] [runtime-status] [8280] Checked functions.config() {"config":{}} {"metadata":{"emulator":{"name":"functions"},"function":{"name":"us-central1-placesNearby"},"extension":{},"message":"[runtime-status] [8280] Checked functions.config() {\"config\":{}}"}}
[debug] [2024-03-04T09:51:39.957Z] [runtime-status] [8280] firebase-functions has been stubbed. {"functionsResolution":{"declared":true,"installed":true,"version":"4.7.0","resolution":"C:\\Users\\91705\\Desktop\\learning new things\\react-native\\mealsToGo\\functions\\node_modules\\firebase-functions\\lib\\v1\\index.js"}} {"metadata":{"emulator":{"name":"functions"},"function":{"name":"us-central1-placesNearby"},"extension":{},"message":"[runtime-status] [8280] firebase-functions has been stubbed. {\"functionsResolution\":{\"declared\":true,\"installed\":true,\"version\":\"4.7.0\",\"resolution\":\"C:\\\\Users\\\\91705\\\\Desktop\\\\learning new things\\\\react-native\\\\mealsToGo\\\\functions\\\\node_modules\\\\firebase-functions\\\\lib\\\\v1\\\\index.js\"}}"}}
[debug] [2024-03-04T09:51:39.959Z] [runtime-status] [8280] Resolved module firebase-functions {"declared":true,"installed":true,"version":"4.7.0","resolution":"C:\\Users\\91705\\Desktop\\learning new things\\react-native\\mealsToGo\\functions\\node_modules\\firebase-functions\\lib\\v1\\index.js"} {"metadata":{"emulator":{"name":"functions"},"function":{"name":"us-central1-placesNearby"},"extension":{},"message":"[runtime-status] [8280] Resolved module firebase-functions {\"declared\":true,\"installed\":true,\"version\":\"4.7.0\",\"resolution\":\"C:\\\\Users\\\\91705\\\\Desktop\\\\learning new things\\\\react-native\\\\mealsToGo\\\\functions\\\\node_modules\\\\firebase-functions\\\\lib\\\\v1\\\\index.js\"}"}}
[debug] [2024-03-04T09:51:39.962Z] [runtime-status] [8280] Resolved module firebase-admin {"declared":true,"installed":true,"version":"11.11.1","resolution":"C:\\Users\\91705\\Desktop\\learning new things\\react-native\\mealsToGo\\functions\\node_modules\\firebase-admin\\lib\\index.js"} {"metadata":{"emulator":{"name":"functions"},"function":{"name":"us-central1-placesNearby"},"extension":{},"message":"[runtime-status] [8280] Resolved module firebase-admin {\"declared\":true,\"installed\":true,\"version\":\"11.11.1\",\"resolution\":\"C:\\\\Users\\\\91705\\\\Desktop\\\\learning new things\\\\react-native\\\\mealsToGo\\\\functions\\\\node_modules\\\\firebase-admin\\\\lib\\\\index.js\"}"}}
[debug] [2024-03-04T09:51:39.967Z] [runtime-status] [8280] Resolved module firebase-functions {"declared":true,"installed":true,"version":"4.7.0","resolution":"C:\\Users\\91705\\Desktop\\learning new things\\react-native\\mealsToGo\\functions\\node_modules\\firebase-functions\\lib\\v1\\index.js"} {"metadata":{"emulator":{"name":"functions"},"function":{"name":"us-central1-placesNearby"},"extension":{},"message":"[runtime-status] [8280] Resolved module firebase-functions {\"declared\":true,\"installed\":true,\"version\":\"4.7.0\",\"resolution\":\"C:\\\\Users\\\\91705\\\\Desktop\\\\learning new things\\\\react-native\\\\mealsToGo\\\\functions\\\\node_modules\\\\firebase-functions\\\\lib\\\\v1\\\\index.js\"}"}}
[debug] [2024-03-04T09:51:39.967Z] [runtime-status] [8280] firebase-admin has been stubbed. {"adminResolution":{"declared":true,"installed":true,"version":"11.11.1","resolution":"C:\\Users\\91705\\Desktop\\learning new things\\react-native\\mealsToGo\\functions\\node_modules\\firebase-admin\\lib\\index.js"}} {"metadata":{"emulator":{"name":"functions"},"function":{"name":"us-central1-placesNearby"},"extension":{},"message":"[runtime-status] [8280] firebase-admin has been stubbed. {\"adminResolution\":{\"declared\":true,\"installed\":true,\"version\":\"11.11.1\",\"resolution\":\"C:\\\\Users\\\\91705\\\\Desktop\\\\learning new things\\\\react-native\\\\mealsToGo\\\\functions\\\\node_modules\\\\firebase-admin\\\\lib\\\\index.js\"}}"}}
[debug] [2024-03-04T09:51:40.115Z] [runtime-status] [8280] Functions runtime initialized. {"cwd":"C:\\Users\\91705\\Desktop\\learning new things\\react-native\\mealsToGo\\functions","node_version":"18.15.0"} {"metadata":{"emulator":{"name":"functions"},"function":{"name":"us-central1-placesNearby"},"extension":{},"message":"[runtime-status] [8280] Functions runtime initialized. {\"cwd\":\"C:\\\\Users\\\\91705\\\\Desktop\\\\learning new things\\\\react-native\\\\mealsToGo\\\\functions\",\"node_version\":\"18.15.0\"}"}}
[debug] [2024-03-04T09:51:40.116Z] [runtime-status] [8280] Listening to port: \\?\pipe\fire_emu_39aa65a56fa19ffd {"metadata":{"emulator":{"name":"functions"},"function":{"name":"us-central1-placesNearby"},"extension":{},"message":"[runtime-status] [8280] Listening to port: \\\\?\\pipe\\fire_emu_39aa65a56fa19ffd"}}
[debug] [2024-03-04T09:51:40.168Z] [worker-us-central1-placesNearby-ece3e9cd-0222-4495-a237-9da311f9ebab]: IDLE {"metadata":{"emulator":{"name":"functions"},"function":{"name":"us-central1-placesNearby"},"extension":{},"message":"[worker-us-central1-placesNearby-ece3e9cd-0222-4495-a237-9da311f9ebab]: IDLE"}}
[debug] [2024-03-04T09:51:40.168Z] [worker-pool] submitRequest(triggerId=us-central1-placesNearby) {"metadata":{"emulator":{"name":"functions"},"message":"[worker-pool] submitRequest(triggerId=us-central1-placesNearby)"}}
[info] i  functions: Beginning execution of "us-central1-placesNearby" {"metadata":{"emulator":{"name":"functions"},"function":{"name":"us-central1-placesNearby"},"extension":{},"message":"Beginning execution of \"us-central1-placesNearby\""}}
[debug] [2024-03-04T09:51:40.169Z] [worker-us-central1-placesNearby-ece3e9cd-0222-4495-a237-9da311f9ebab]: BUSY {"metadata":{"emulator":{"name":"functions"},"function":{"name":"us-central1-placesNearby"},"extension":{},"message":"[worker-us-central1-placesNearby-ece3e9cd-0222-4495-a237-9da311f9ebab]: BUSY"}}
[debug] [2024-03-04T09:51:40.181Z] Finishing up request with event=pause {"metadata":{"emulator":{"name":"functions"},"function":{"name":"us-central1-placesNearby"},"extension":{},"message":"Finishing up request with event=pause"}}
[info] i  functions: Finished "us-central1-placesNearby" in 12.9343ms {"metadata":{"emulator":{"name":"functions"},"function":{"name":"us-central1-placesNearby"},"extension":{},"message":"Finished \"us-central1-placesNearby\" in 12.9343ms"}}
[debug] [2024-03-04T09:51:40.182Z] [worker-us-central1-placesNearby-ece3e9cd-0222-4495-a237-9da311f9ebab]: IDLE {"metadata":{"emulator":{"name":"functions"},"function":{"name":"us-central1-placesNearby"},"extension":{},"message":"[worker-us-central1-placesNearby-ece3e9cd-0222-4495-a237-9da311f9ebab]: IDLE"}}
[debug] [2024-03-04T09:51:40.182Z] Finishing up request with event=finish {"metadata":{"emulator":{"name":"functions"},"function":{"name":"us-central1-placesNearby"},"extension":{},"message":"Finishing up request with event=finish"}}
[debug] [2024-03-04T09:51:40.183Z] Finishing up request with event=close {"metadata":{"emulator":{"name":"functions"},"function":{"name":"us-central1-placesNearby"},"extension":{},"message":"Finishing up request with event=close"}}
[debug] [2024-03-04T09:51:40.183Z] [work-queue] {"queuedWork":[],"queueLength":0,"runningWork":[],"workRunningCount":0}
[debug] [2024-03-04T10:26:05.226Z] [work-queue] {"queuedWork":["/mealstogo-cffb9/us-central1/geocode-2024-03-04T10:26:05.225Z"],"queueLength":1,"runningWork":[],"workRunningCount":0}
[debug] [2024-03-04T10:26:05.226Z] [work-queue] {"queuedWork":[],"queueLength":0,"runningWork":["/mealstogo-cffb9/us-central1/geocode-2024-03-04T10:26:05.225Z"],"workRunningCount":1}
[debug] [2024-03-04T10:26:05.227Z] Accepted request GET /mealstogo-cffb9/us-central1/geocode?city=antwerp --> us-central1-geocode
[debug] [2024-03-04T10:26:05.235Z] [functions] Runtime ready! Sending request! {"metadata":{"emulator":{"name":"functions"},"message":"[functions] Runtime ready! Sending request!"}}
[debug] [2024-03-04T10:26:05.236Z] [functions] Got req.url=/mealstogo-cffb9/us-central1/geocode?city=antwerp, mapping to path=/?city=antwerp {"metadata":{"emulator":{"name":"functions"},"message":"[functions] Got req.url=/mealstogo-cffb9/us-central1/geocode?city=antwerp, mapping to path=/?city=antwerp"}}
[debug] [2024-03-04T10:26:05.236Z] [worker-pool] submitRequest(triggerId=us-central1-geocode) {"metadata":{"emulator":{"name":"functions"},"message":"[worker-pool] submitRequest(triggerId=us-central1-geocode)"}}
[info] i  functions: Beginning execution of "us-central1-geocode" {"metadata":{"emulator":{"name":"functions"},"function":{"name":"us-central1-geocode"},"extension":{},"message":"Beginning execution of \"us-central1-geocode\""}}
[debug] [2024-03-04T10:26:05.237Z] [worker-us-central1-geocode-27c458d5-6eab-40c2-8d62-cc1b7603f4a7]: BUSY {"metadata":{"emulator":{"name":"functions"},"function":{"name":"us-central1-geocode"},"extension":{},"message":"[worker-us-central1-geocode-27c458d5-6eab-40c2-8d62-cc1b7603f4a7]: BUSY"}}
[debug] [2024-03-04T10:26:05.273Z] Finishing up request with event=pause {"metadata":{"emulator":{"name":"functions"},"function":{"name":"us-central1-geocode"},"extension":{},"message":"Finishing up request with event=pause"}}
[info] i  functions: Finished "us-central1-geocode" in 36.2754ms {"metadata":{"emulator":{"name":"functions"},"function":{"name":"us-central1-geocode"},"extension":{},"message":"Finished \"us-central1-geocode\" in 36.2754ms"}}
[debug] [2024-03-04T10:26:05.274Z] [worker-us-central1-geocode-27c458d5-6eab-40c2-8d62-cc1b7603f4a7]: IDLE {"metadata":{"emulator":{"name":"functions"},"function":{"name":"us-central1-geocode"},"extension":{},"message":"[worker-us-central1-geocode-27c458d5-6eab-40c2-8d62-cc1b7603f4a7]: IDLE"}}
[debug] [2024-03-04T10:26:05.274Z] Finishing up request with event=finish {"metadata":{"emulator":{"name":"functions"},"function":{"name":"us-central1-geocode"},"extension":{},"message":"Finishing up request with event=finish"}}
[debug] [2024-03-04T10:26:05.274Z] Finishing up request with event=close {"metadata":{"emulator":{"name":"functions"},"function":{"name":"us-central1-geocode"},"extension":{},"message":"Finishing up request with event=close"}}
[debug] [2024-03-04T10:26:05.274Z] [work-queue] {"queuedWork":[],"queueLength":0,"runningWork":[],"workRunningCount":0}
[debug] [2024-03-04T10:26:05.780Z] [work-queue] {"queuedWork":["/mealstogo-cffb9/us-central1/placesNearby-2024-03-04T10:26:05.780Z"],"queueLength":1,"runningWork":[],"workRunningCount":0}
[debug] [2024-03-04T10:26:05.780Z] [work-queue] {"queuedWork":[],"queueLength":0,"runningWork":["/mealstogo-cffb9/us-central1/placesNearby-2024-03-04T10:26:05.780Z"],"workRunningCount":1}
[debug] [2024-03-04T10:26:05.780Z] Accepted request GET /mealstogo-cffb9/us-central1/placesNearby?location=51.219448,4.402464 --> us-central1-placesNearby
[debug] [2024-03-04T10:26:05.784Z] [functions] Runtime ready! Sending request! {"metadata":{"emulator":{"name":"functions"},"message":"[functions] Runtime ready! Sending request!"}}
[debug] [2024-03-04T10:26:05.784Z] [functions] Got req.url=/mealstogo-cffb9/us-central1/placesNearby?location=51.219448,4.402464, mapping to path=/?location=51.219448,4.402464 {"metadata":{"emulator":{"name":"functions"},"message":"[functions] Got req.url=/mealstogo-cffb9/us-central1/placesNearby?location=51.219448,4.402464, mapping to path=/?location=51.219448,4.402464"}}
[debug] [2024-03-04T10:26:05.784Z] [worker-pool] submitRequest(triggerId=us-central1-placesNearby) {"metadata":{"emulator":{"name":"functions"},"message":"[worker-pool] submitRequest(triggerId=us-central1-placesNearby)"}}
[info] i  functions: Beginning execution of "us-central1-placesNearby" {"metadata":{"emulator":{"name":"functions"},"function":{"name":"us-central1-placesNearby"},"extension":{},"message":"Beginning execution of \"us-central1-placesNearby\""}}
[debug] [2024-03-04T10:26:05.785Z] [worker-us-central1-placesNearby-ece3e9cd-0222-4495-a237-9da311f9ebab]: BUSY {"metadata":{"emulator":{"name":"functions"},"function":{"name":"us-central1-placesNearby"},"extension":{},"message":"[worker-us-central1-placesNearby-ece3e9cd-0222-4495-a237-9da311f9ebab]: BUSY"}}
[debug] [2024-03-04T10:26:05.815Z] Finishing up request with event=pause {"metadata":{"emulator":{"name":"functions"},"function":{"name":"us-central1-placesNearby"},"extension":{},"message":"Finishing up request with event=pause"}}
[info] i  functions: Finished "us-central1-placesNearby" in 30.6383ms {"metadata":{"emulator":{"name":"functions"},"function":{"name":"us-central1-placesNearby"},"extension":{},"message":"Finished \"us-central1-placesNearby\" in 30.6383ms"}}
[debug] [2024-03-04T10:26:05.815Z] [worker-us-central1-placesNearby-ece3e9cd-0222-4495-a237-9da311f9ebab]: IDLE {"metadata":{"emulator":{"name":"functions"},"function":{"name":"us-central1-placesNearby"},"extension":{},"message":"[worker-us-central1-placesNearby-ece3e9cd-0222-4495-a237-9da311f9ebab]: IDLE"}}
[debug] [2024-03-04T10:26:05.816Z] Finishing up request with event=finish {"metadata":{"emulator":{"name":"functions"},"function":{"name":"us-central1-placesNearby"},"extension":{},"message":"Finishing up request with event=finish"}}
[debug] [2024-03-04T10:26:05.816Z] Finishing up request with event=close {"metadata":{"emulator":{"name":"functions"},"function":{"name":"us-central1-placesNearby"},"extension":{},"message":"Finishing up request with event=close"}}
[debug] [2024-03-04T10:26:05.816Z] [work-queue] {"queuedWork":[],"queueLength":0,"runningWork":[],"workRunningCount":0}
[debug] [2024-03-04T10:28:44.305Z] [work-queue] {"queuedWork":["/mealstogo-cffb9/us-central1/geocode-2024-03-04T10:28:44.305Z"],"queueLength":1,"runningWork":[],"workRunningCount":0}
[debug] [2024-03-04T10:28:44.305Z] [work-queue] {"queuedWork":[],"queueLength":0,"runningWork":["/mealstogo-cffb9/us-central1/geocode-2024-03-04T10:28:44.305Z"],"workRunningCount":1}
[debug] [2024-03-04T10:28:44.306Z] Accepted request GET /mealstogo-cffb9/us-central1/geocode?city=antwerp --> us-central1-geocode
[debug] [2024-03-04T10:28:44.310Z] [functions] Runtime ready! Sending request! {"metadata":{"emulator":{"name":"functions"},"message":"[functions] Runtime ready! Sending request!"}}
[debug] [2024-03-04T10:28:44.310Z] [functions] Got req.url=/mealstogo-cffb9/us-central1/geocode?city=antwerp, mapping to path=/?city=antwerp {"metadata":{"emulator":{"name":"functions"},"message":"[functions] Got req.url=/mealstogo-cffb9/us-central1/geocode?city=antwerp, mapping to path=/?city=antwerp"}}
[debug] [2024-03-04T10:28:44.311Z] [worker-pool] submitRequest(triggerId=us-central1-geocode) {"metadata":{"emulator":{"name":"functions"},"message":"[worker-pool] submitRequest(triggerId=us-central1-geocode)"}}
[info] i  functions: Beginning execution of "us-central1-geocode" {"metadata":{"emulator":{"name":"functions"},"function":{"name":"us-central1-geocode"},"extension":{},"message":"Beginning execution of \"us-central1-geocode\""}}
[debug] [2024-03-04T10:28:44.312Z] [worker-us-central1-geocode-27c458d5-6eab-40c2-8d62-cc1b7603f4a7]: BUSY {"metadata":{"emulator":{"name":"functions"},"function":{"name":"us-central1-geocode"},"extension":{},"message":"[worker-us-central1-geocode-27c458d5-6eab-40c2-8d62-cc1b7603f4a7]: BUSY"}}
[debug] [2024-03-04T10:28:44.326Z] Finishing up request with event=pause {"metadata":{"emulator":{"name":"functions"},"function":{"name":"us-central1-geocode"},"extension":{},"message":"Finishing up request with event=pause"}}
[info] i  functions: Finished "us-central1-geocode" in 15.1161ms {"metadata":{"emulator":{"name":"functions"},"function":{"name":"us-central1-geocode"},"extension":{},"message":"Finished \"us-central1-geocode\" in 15.1161ms"}}
[debug] [2024-03-04T10:28:44.328Z] [worker-us-central1-geocode-27c458d5-6eab-40c2-8d62-cc1b7603f4a7]: IDLE {"metadata":{"emulator":{"name":"functions"},"function":{"name":"us-central1-geocode"},"extension":{},"message":"[worker-us-central1-geocode-27c458d5-6eab-40c2-8d62-cc1b7603f4a7]: IDLE"}}
[debug] [2024-03-04T10:28:44.328Z] Finishing up request with event=finish {"metadata":{"emulator":{"name":"functions"},"function":{"name":"us-central1-geocode"},"extension":{},"message":"Finishing up request with event=finish"}}
[debug] [2024-03-04T10:28:44.328Z] Finishing up request with event=close {"metadata":{"emulator":{"name":"functions"},"function":{"name":"us-central1-geocode"},"extension":{},"message":"Finishing up request with event=close"}}
[debug] [2024-03-04T10:28:44.328Z] [work-queue] {"queuedWork":[],"queueLength":0,"runningWork":[],"workRunningCount":0}
[debug] [2024-03-04T10:28:44.821Z] [work-queue] {"queuedWork":["/mealstogo-cffb9/us-central1/placesNearby-2024-03-04T10:28:44.821Z"],"queueLength":1,"runningWork":[],"workRunningCount":0}
[debug] [2024-03-04T10:28:44.821Z] [work-queue] {"queuedWork":[],"queueLength":0,"runningWork":["/mealstogo-cffb9/us-central1/placesNearby-2024-03-04T10:28:44.821Z"],"workRunningCount":1}
[debug] [2024-03-04T10:28:44.821Z] Accepted request GET /mealstogo-cffb9/us-central1/placesNearby?location=51.219448,4.402464 --> us-central1-placesNearby
[debug] [2024-03-04T10:28:44.825Z] [functions] Runtime ready! Sending request! {"metadata":{"emulator":{"name":"functions"},"message":"[functions] Runtime ready! Sending request!"}}
[debug] [2024-03-04T10:28:44.825Z] [functions] Got req.url=/mealstogo-cffb9/us-central1/placesNearby?location=51.219448,4.402464, mapping to path=/?location=51.219448,4.402464 {"metadata":{"emulator":{"name":"functions"},"message":"[functions] Got req.url=/mealstogo-cffb9/us-central1/placesNearby?location=51.219448,4.402464, mapping to path=/?location=51.219448,4.402464"}}
[debug] [2024-03-04T10:28:44.825Z] [worker-pool] submitRequest(triggerId=us-central1-placesNearby) {"metadata":{"emulator":{"name":"functions"},"message":"[worker-pool] submitRequest(triggerId=us-central1-placesNearby)"}}
[info] i  functions: Beginning execution of "us-central1-placesNearby" {"metadata":{"emulator":{"name":"functions"},"function":{"name":"us-central1-placesNearby"},"extension":{},"message":"Beginning execution of \"us-central1-placesNearby\""}}
[debug] [2024-03-04T10:28:44.826Z] [worker-us-central1-placesNearby-ece3e9cd-0222-4495-a237-9da311f9ebab]: BUSY {"metadata":{"emulator":{"name":"functions"},"function":{"name":"us-central1-placesNearby"},"extension":{},"message":"[worker-us-central1-placesNearby-ece3e9cd-0222-4495-a237-9da311f9ebab]: BUSY"}}
[debug] [2024-03-04T10:28:44.843Z] Finishing up request with event=pause {"metadata":{"emulator":{"name":"functions"},"function":{"name":"us-central1-placesNearby"},"extension":{},"message":"Finishing up request with event=pause"}}
[info] i  functions: Finished "us-central1-placesNearby" in 17.365ms {"metadata":{"emulator":{"name":"functions"},"function":{"name":"us-central1-placesNearby"},"extension":{},"message":"Finished \"us-central1-placesNearby\" in 17.365ms"}}
[debug] [2024-03-04T10:28:44.844Z] [worker-us-central1-placesNearby-ece3e9cd-0222-4495-a237-9da311f9ebab]: IDLE {"metadata":{"emulator":{"name":"functions"},"function":{"name":"us-central1-placesNearby"},"extension":{},"message":"[worker-us-central1-placesNearby-ece3e9cd-0222-4495-a237-9da311f9ebab]: IDLE"}}
[debug] [2024-03-04T10:28:44.844Z] Finishing up request with event=finish {"metadata":{"emulator":{"name":"functions"},"function":{"name":"us-central1-placesNearby"},"extension":{},"message":"Finishing up request with event=finish"}}
[debug] [2024-03-04T10:28:44.845Z] Finishing up request with event=close {"metadata":{"emulator":{"name":"functions"},"function":{"name":"us-central1-placesNearby"},"extension":{},"message":"Finishing up request with event=close"}}
[debug] [2024-03-04T10:28:44.845Z] [work-queue] {"queuedWork":[],"queueLength":0,"runningWork":[],"workRunningCount":0}
[debug] [2024-03-04T10:38:20.543Z] [work-queue] {"queuedWork":["/mealstogo-cffb9/us-central1/geocode-2024-03-04T10:38:20.542Z"],"queueLength":1,"runningWork":[],"workRunningCount":0}
[debug] [2024-03-04T10:38:20.544Z] [work-queue] {"queuedWork":[],"queueLength":0,"runningWork":["/mealstogo-cffb9/us-central1/geocode-2024-03-04T10:38:20.542Z"],"workRunningCount":1}
[debug] [2024-03-04T10:38:20.544Z] Accepted request GET /mealstogo-cffb9/us-central1/geocode?city=antwerp --> us-central1-geocode
[debug] [2024-03-04T10:38:20.551Z] [functions] Runtime ready! Sending request! {"metadata":{"emulator":{"name":"functions"},"message":"[functions] Runtime ready! Sending request!"}}
[debug] [2024-03-04T10:38:20.552Z] [functions] Got req.url=/mealstogo-cffb9/us-central1/geocode?city=antwerp, mapping to path=/?city=antwerp {"metadata":{"emulator":{"name":"functions"},"message":"[functions] Got req.url=/mealstogo-cffb9/us-central1/geocode?city=antwerp, mapping to path=/?city=antwerp"}}
[debug] [2024-03-04T10:38:20.552Z] [worker-pool] submitRequest(triggerId=us-central1-geocode) {"metadata":{"emulator":{"name":"functions"},"message":"[worker-pool] submitRequest(triggerId=us-central1-geocode)"}}
[info] i  functions: Beginning execution of "us-central1-geocode" {"metadata":{"emulator":{"name":"functions"},"function":{"name":"us-central1-geocode"},"extension":{},"message":"Beginning execution of \"us-central1-geocode\""}}
[debug] [2024-03-04T10:38:20.553Z] [worker-us-central1-geocode-27c458d5-6eab-40c2-8d62-cc1b7603f4a7]: BUSY {"metadata":{"emulator":{"name":"functions"},"function":{"name":"us-central1-geocode"},"extension":{},"message":"[worker-us-central1-geocode-27c458d5-6eab-40c2-8d62-cc1b7603f4a7]: BUSY"}}
[debug] [2024-03-04T10:38:20.569Z] Finishing up request with event=pause {"metadata":{"emulator":{"name":"functions"},"function":{"name":"us-central1-geocode"},"extension":{},"message":"Finishing up request with event=pause"}}
[info] i  functions: Finished "us-central1-geocode" in 15.7555ms {"metadata":{"emulator":{"name":"functions"},"function":{"name":"us-central1-geocode"},"extension":{},"message":"Finished \"us-central1-geocode\" in 15.7555ms"}}
[debug] [2024-03-04T10:38:20.570Z] [worker-us-central1-geocode-27c458d5-6eab-40c2-8d62-cc1b7603f4a7]: IDLE {"metadata":{"emulator":{"name":"functions"},"function":{"name":"us-central1-geocode"},"extension":{},"message":"[worker-us-central1-geocode-27c458d5-6eab-40c2-8d62-cc1b7603f4a7]: IDLE"}}
[debug] [2024-03-04T10:38:20.570Z] Finishing up request with event=finish {"metadata":{"emulator":{"name":"functions"},"function":{"name":"us-central1-geocode"},"extension":{},"message":"Finishing up request with event=finish"}}
[debug] [2024-03-04T10:38:20.570Z] Finishing up request with event=close {"metadata":{"emulator":{"name":"functions"},"function":{"name":"us-central1-geocode"},"extension":{},"message":"Finishing up request with event=close"}}
[debug] [2024-03-04T10:38:20.570Z] [work-queue] {"queuedWork":[],"queueLength":0,"runningWork":[],"workRunningCount":0}
[debug] [2024-03-04T10:38:21.147Z] [work-queue] {"queuedWork":["/mealstogo-cffb9/us-central1/placesNearby-2024-03-04T10:38:21.147Z"],"queueLength":1,"runningWork":[],"workRunningCount":0}
[debug] [2024-03-04T10:38:21.147Z] [work-queue] {"queuedWork":[],"queueLength":0,"runningWork":["/mealstogo-cffb9/us-central1/placesNearby-2024-03-04T10:38:21.147Z"],"workRunningCount":1}
[debug] [2024-03-04T10:38:21.147Z] Accepted request GET /mealstogo-cffb9/us-central1/placesNearby?location=51.219448,4.402464 --> us-central1-placesNearby
[debug] [2024-03-04T10:38:21.150Z] [functions] Runtime ready! Sending request! {"metadata":{"emulator":{"name":"functions"},"message":"[functions] Runtime ready! Sending request!"}}
[debug] [2024-03-04T10:38:21.150Z] [functions] Got req.url=/mealstogo-cffb9/us-central1/placesNearby?location=51.219448,4.402464, mapping to path=/?location=51.219448,4.402464 {"metadata":{"emulator":{"name":"functions"},"message":"[functions] Got req.url=/mealstogo-cffb9/us-central1/placesNearby?location=51.219448,4.402464, mapping to path=/?location=51.219448,4.402464"}}
[debug] [2024-03-04T10:38:21.150Z] [worker-pool] submitRequest(triggerId=us-central1-placesNearby) {"metadata":{"emulator":{"name":"functions"},"message":"[worker-pool] submitRequest(triggerId=us-central1-placesNearby)"}}
[info] i  functions: Beginning execution of "us-central1-placesNearby" {"metadata":{"emulator":{"name":"functions"},"function":{"name":"us-central1-placesNearby"},"extension":{},"message":"Beginning execution of \"us-central1-placesNearby\""}}
[debug] [2024-03-04T10:38:21.151Z] [worker-us-central1-placesNearby-ece3e9cd-0222-4495-a237-9da311f9ebab]: BUSY {"metadata":{"emulator":{"name":"functions"},"function":{"name":"us-central1-placesNearby"},"extension":{},"message":"[worker-us-central1-placesNearby-ece3e9cd-0222-4495-a237-9da311f9ebab]: BUSY"}}
[debug] [2024-03-04T10:38:21.163Z] Finishing up request with event=pause {"metadata":{"emulator":{"name":"functions"},"function":{"name":"us-central1-placesNearby"},"extension":{},"message":"Finishing up request with event=pause"}}
[info] i  functions: Finished "us-central1-placesNearby" in 12.237ms {"metadata":{"emulator":{"name":"functions"},"function":{"name":"us-central1-placesNearby"},"extension":{},"message":"Finished \"us-central1-placesNearby\" in 12.237ms"}}
[debug] [2024-03-04T10:38:21.165Z] [worker-us-central1-placesNearby-ece3e9cd-0222-4495-a237-9da311f9ebab]: IDLE {"metadata":{"emulator":{"name":"functions"},"function":{"name":"us-central1-placesNearby"},"extension":{},"message":"[worker-us-central1-placesNearby-ece3e9cd-0222-4495-a237-9da311f9ebab]: IDLE"}}
[debug] [2024-03-04T10:38:21.166Z] Finishing up request with event=finish {"metadata":{"emulator":{"name":"functions"},"function":{"name":"us-central1-placesNearby"},"extension":{},"message":"Finishing up request with event=finish"}}
[debug] [2024-03-04T10:38:21.166Z] Finishing up request with event=close {"metadata":{"emulator":{"name":"functions"},"function":{"name":"us-central1-placesNearby"},"extension":{},"message":"Finishing up request with event=close"}}
[debug] [2024-03-04T10:38:21.167Z] [work-queue] {"queuedWork":[],"queueLength":0,"runningWork":[],"workRunningCount":0}
[debug] [2024-03-04T10:39:18.434Z] [work-queue] {"queuedWork":["/mealstogo-cffb9/us-central1/geocode-2024-03-04T10:39:18.434Z"],"queueLength":1,"runningWork":[],"workRunningCount":0}
[debug] [2024-03-04T10:39:18.434Z] [work-queue] {"queuedWork":[],"queueLength":0,"runningWork":["/mealstogo-cffb9/us-central1/geocode-2024-03-04T10:39:18.434Z"],"workRunningCount":1}
[debug] [2024-03-04T10:39:18.435Z] Accepted request GET /mealstogo-cffb9/us-central1/geocode?city=antwerp --> us-central1-geocode
[debug] [2024-03-04T10:39:18.442Z] [functions] Runtime ready! Sending request! {"metadata":{"emulator":{"name":"functions"},"message":"[functions] Runtime ready! Sending request!"}}
[debug] [2024-03-04T10:39:18.443Z] [functions] Got req.url=/mealstogo-cffb9/us-central1/geocode?city=antwerp, mapping to path=/?city=antwerp {"metadata":{"emulator":{"name":"functions"},"message":"[functions] Got req.url=/mealstogo-cffb9/us-central1/geocode?city=antwerp, mapping to path=/?city=antwerp"}}
[debug] [2024-03-04T10:39:18.443Z] [worker-pool] submitRequest(triggerId=us-central1-geocode) {"metadata":{"emulator":{"name":"functions"},"message":"[worker-pool] submitRequest(triggerId=us-central1-geocode)"}}
[info] i  functions: Beginning execution of "us-central1-geocode" {"metadata":{"emulator":{"name":"functions"},"function":{"name":"us-central1-geocode"},"extension":{},"message":"Beginning execution of \"us-central1-geocode\""}}
[debug] [2024-03-04T10:39:18.444Z] [worker-us-central1-geocode-27c458d5-6eab-40c2-8d62-cc1b7603f4a7]: BUSY {"metadata":{"emulator":{"name":"functions"},"function":{"name":"us-central1-geocode"},"extension":{},"message":"[worker-us-central1-geocode-27c458d5-6eab-40c2-8d62-cc1b7603f4a7]: BUSY"}}
[debug] [2024-03-04T10:39:18.455Z] Finishing up request with event=pause {"metadata":{"emulator":{"name":"functions"},"function":{"name":"us-central1-geocode"},"extension":{},"message":"Finishing up request with event=pause"}}
[info] i  functions: Finished "us-central1-geocode" in 11.2873ms {"metadata":{"emulator":{"name":"functions"},"function":{"name":"us-central1-geocode"},"extension":{},"message":"Finished \"us-central1-geocode\" in 11.2873ms"}}
[debug] [2024-03-04T10:39:18.458Z] [worker-us-central1-geocode-27c458d5-6eab-40c2-8d62-cc1b7603f4a7]: IDLE {"metadata":{"emulator":{"name":"functions"},"function":{"name":"us-central1-geocode"},"extension":{},"message":"[worker-us-central1-geocode-27c458d5-6eab-40c2-8d62-cc1b7603f4a7]: IDLE"}}
[debug] [2024-03-04T10:39:18.458Z] Finishing up request with event=finish {"metadata":{"emulator":{"name":"functions"},"function":{"name":"us-central1-geocode"},"extension":{},"message":"Finishing up request with event=finish"}}
[debug] [2024-03-04T10:39:18.458Z] Finishing up request with event=close {"metadata":{"emulator":{"name":"functions"},"function":{"name":"us-central1-geocode"},"extension":{},"message":"Finishing up request with event=close"}}
[debug] [2024-03-04T10:39:18.458Z] [work-queue] {"queuedWork":[],"queueLength":0,"runningWork":[],"workRunningCount":0}
[debug] [2024-03-04T10:39:19.186Z] [work-queue] {"queuedWork":["/mealstogo-cffb9/us-central1/placesNearby-2024-03-04T10:39:19.172Z"],"queueLength":1,"runningWork":[],"workRunningCount":0}
[debug] [2024-03-04T10:39:19.186Z] [work-queue] {"queuedWork":[],"queueLength":0,"runningWork":["/mealstogo-cffb9/us-central1/placesNearby-2024-03-04T10:39:19.172Z"],"workRunningCount":1}
[debug] [2024-03-04T10:39:19.187Z] Accepted request GET /mealstogo-cffb9/us-central1/placesNearby?location=51.219448,4.402464 --> us-central1-placesNearby
[debug] [2024-03-04T10:39:19.190Z] [functions] Runtime ready! Sending request! {"metadata":{"emulator":{"name":"functions"},"message":"[functions] Runtime ready! Sending request!"}}
[debug] [2024-03-04T10:39:19.191Z] [functions] Got req.url=/mealstogo-cffb9/us-central1/placesNearby?location=51.219448,4.402464, mapping to path=/?location=51.219448,4.402464 {"metadata":{"emulator":{"name":"functions"},"message":"[functions] Got req.url=/mealstogo-cffb9/us-central1/placesNearby?location=51.219448,4.402464, mapping to path=/?location=51.219448,4.402464"}}
[debug] [2024-03-04T10:39:19.191Z] [worker-pool] submitRequest(triggerId=us-central1-placesNearby) {"metadata":{"emulator":{"name":"functions"},"message":"[worker-pool] submitRequest(triggerId=us-central1-placesNearby)"}}
[info] i  functions: Beginning execution of "us-central1-placesNearby" {"metadata":{"emulator":{"name":"functions"},"function":{"name":"us-central1-placesNearby"},"extension":{},"message":"Beginning execution of \"us-central1-placesNearby\""}}
[debug] [2024-03-04T10:39:19.192Z] [worker-us-central1-placesNearby-ece3e9cd-0222-4495-a237-9da311f9ebab]: BUSY {"metadata":{"emulator":{"name":"functions"},"function":{"name":"us-central1-placesNearby"},"extension":{},"message":"[worker-us-central1-placesNearby-ece3e9cd-0222-4495-a237-9da311f9ebab]: BUSY"}}
[debug] [2024-03-04T10:39:19.199Z] Finishing up request with event=pause {"metadata":{"emulator":{"name":"functions"},"function":{"name":"us-central1-placesNearby"},"extension":{},"message":"Finishing up request with event=pause"}}
[info] i  functions: Finished "us-central1-placesNearby" in 7.7781ms {"metadata":{"emulator":{"name":"functions"},"function":{"name":"us-central1-placesNearby"},"extension":{},"message":"Finished \"us-central1-placesNearby\" in 7.7781ms"}}
[debug] [2024-03-04T10:39:19.200Z] [worker-us-central1-placesNearby-ece3e9cd-0222-4495-a237-9da311f9ebab]: IDLE {"metadata":{"emulator":{"name":"functions"},"function":{"name":"us-central1-placesNearby"},"extension":{},"message":"[worker-us-central1-placesNearby-ece3e9cd-0222-4495-a237-9da311f9ebab]: IDLE"}}
[debug] [2024-03-04T10:39:19.201Z] Finishing up request with event=finish {"metadata":{"emulator":{"name":"functions"},"function":{"name":"us-central1-placesNearby"},"extension":{},"message":"Finishing up request with event=finish"}}
[debug] [2024-03-04T10:39:19.201Z] Finishing up request with event=close {"metadata":{"emulator":{"name":"functions"},"function":{"name":"us-central1-placesNearby"},"extension":{},"message":"Finishing up request with event=close"}}
[debug] [2024-03-04T10:39:19.201Z] [work-queue] {"queuedWork":[],"queueLength":0,"runningWork":[],"workRunningCount":0}
[debug] [2024-03-04T17:33:28.152Z] [work-queue] {"queuedWork":["/mealstogo-cffb9/us-central1/geocode-2024-03-04T17:33:28.142Z"],"queueLength":1,"runningWork":[],"workRunningCount":0}
[debug] [2024-03-04T17:33:28.190Z] [work-queue] {"queuedWork":[],"queueLength":0,"runningWork":["/mealstogo-cffb9/us-central1/geocode-2024-03-04T17:33:28.142Z"],"workRunningCount":1}
[debug] [2024-03-04T17:33:28.193Z] Accepted request GET /mealstogo-cffb9/us-central1/geocode?city=antwerp --> us-central1-geocode
[debug] [2024-03-04T17:33:28.295Z] [functions] Runtime ready! Sending request! {"metadata":{"emulator":{"name":"functions"},"message":"[functions] Runtime ready! Sending request!"}}
[debug] [2024-03-04T17:33:28.298Z] [functions] Got req.url=/mealstogo-cffb9/us-central1/geocode?city=antwerp, mapping to path=/?city=antwerp {"metadata":{"emulator":{"name":"functions"},"message":"[functions] Got req.url=/mealstogo-cffb9/us-central1/geocode?city=antwerp, mapping to path=/?city=antwerp"}}
[debug] [2024-03-04T17:33:28.301Z] [worker-pool] submitRequest(triggerId=us-central1-geocode) {"metadata":{"emulator":{"name":"functions"},"message":"[worker-pool] submitRequest(triggerId=us-central1-geocode)"}}
[info] i  functions: Beginning execution of "us-central1-geocode" {"metadata":{"emulator":{"name":"functions"},"function":{"name":"us-central1-geocode"},"extension":{},"message":"Beginning execution of \"us-central1-geocode\""}}
[debug] [2024-03-04T17:33:28.321Z] [worker-us-central1-geocode-27c458d5-6eab-40c2-8d62-cc1b7603f4a7]: BUSY {"metadata":{"emulator":{"name":"functions"},"function":{"name":"us-central1-geocode"},"extension":{},"message":"[worker-us-central1-geocode-27c458d5-6eab-40c2-8d62-cc1b7603f4a7]: BUSY"}}
[debug] [2024-03-04T17:33:28.418Z] Finishing up request with event=pause {"metadata":{"emulator":{"name":"functions"},"function":{"name":"us-central1-geocode"},"extension":{},"message":"Finishing up request with event=pause"}}
[info] i  functions: Finished "us-central1-geocode" in 97.9272ms {"metadata":{"emulator":{"name":"functions"},"function":{"name":"us-central1-geocode"},"extension":{},"message":"Finished \"us-central1-geocode\" in 97.9272ms"}}
[debug] [2024-03-04T17:33:28.421Z] [worker-us-central1-geocode-27c458d5-6eab-40c2-8d62-cc1b7603f4a7]: IDLE {"metadata":{"emulator":{"name":"functions"},"function":{"name":"us-central1-geocode"},"extension":{},"message":"[worker-us-central1-geocode-27c458d5-6eab-40c2-8d62-cc1b7603f4a7]: IDLE"}}
[debug] [2024-03-04T17:33:28.421Z] Finishing up request with event=finish {"metadata":{"emulator":{"name":"functions"},"function":{"name":"us-central1-geocode"},"extension":{},"message":"Finishing up request with event=finish"}}
[debug] [2024-03-04T17:33:28.422Z] Finishing up request with event=close {"metadata":{"emulator":{"name":"functions"},"function":{"name":"us-central1-geocode"},"extension":{},"message":"Finishing up request with event=close"}}
[debug] [2024-03-04T17:33:28.422Z] [work-queue] {"queuedWork":[],"queueLength":0,"runningWork":[],"workRunningCount":0}
[debug] [2024-03-04T17:33:29.350Z] [work-queue] {"queuedWork":["/mealstogo-cffb9/us-central1/placesNearby-2024-03-04T17:33:29.350Z"],"queueLength":1,"runningWork":[],"workRunningCount":0}
[debug] [2024-03-04T17:33:29.351Z] [work-queue] {"queuedWork":[],"queueLength":0,"runningWork":["/mealstogo-cffb9/us-central1/placesNearby-2024-03-04T17:33:29.350Z"],"workRunningCount":1}
[debug] [2024-03-04T17:33:29.353Z] Accepted request GET /mealstogo-cffb9/us-central1/placesNearby?location=51.219448,4.402464 --> us-central1-placesNearby
[debug] [2024-03-04T17:33:29.361Z] [functions] Runtime ready! Sending request! {"metadata":{"emulator":{"name":"functions"},"message":"[functions] Runtime ready! Sending request!"}}
[debug] [2024-03-04T17:33:29.363Z] [functions] Got req.url=/mealstogo-cffb9/us-central1/placesNearby?location=51.219448,4.402464, mapping to path=/?location=51.219448,4.402464 {"metadata":{"emulator":{"name":"functions"},"message":"[functions] Got req.url=/mealstogo-cffb9/us-central1/placesNearby?location=51.219448,4.402464, mapping to path=/?location=51.219448,4.402464"}}
[debug] [2024-03-04T17:33:29.370Z] [worker-pool] submitRequest(triggerId=us-central1-placesNearby) {"metadata":{"emulator":{"name":"functions"},"message":"[worker-pool] submitRequest(triggerId=us-central1-placesNearby)"}}
[info] i  functions: Beginning execution of "us-central1-placesNearby" {"metadata":{"emulator":{"name":"functions"},"function":{"name":"us-central1-placesNearby"},"extension":{},"message":"Beginning execution of \"us-central1-placesNearby\""}}
[debug] [2024-03-04T17:33:29.371Z] [worker-us-central1-placesNearby-ece3e9cd-0222-4495-a237-9da311f9ebab]: BUSY {"metadata":{"emulator":{"name":"functions"},"function":{"name":"us-central1-placesNearby"},"extension":{},"message":"[worker-us-central1-placesNearby-ece3e9cd-0222-4495-a237-9da311f9ebab]: BUSY"}}
[debug] [2024-03-04T17:33:29.459Z] Finishing up request with event=pause {"metadata":{"emulator":{"name":"functions"},"function":{"name":"us-central1-placesNearby"},"extension":{},"message":"Finishing up request with event=pause"}}
[info] i  functions: Finished "us-central1-placesNearby" in 90.7923ms {"metadata":{"emulator":{"name":"functions"},"function":{"name":"us-central1-placesNearby"},"extension":{},"message":"Finished \"us-central1-placesNearby\" in 90.7923ms"}}
[debug] [2024-03-04T17:33:29.463Z] [worker-us-central1-placesNearby-ece3e9cd-0222-4495-a237-9da311f9ebab]: IDLE {"metadata":{"emulator":{"name":"functions"},"function":{"name":"us-central1-placesNearby"},"extension":{},"message":"[worker-us-central1-placesNearby-ece3e9cd-0222-4495-a237-9da311f9ebab]: IDLE"}}
[debug] [2024-03-04T17:33:29.464Z] Finishing up request with event=finish {"metadata":{"emulator":{"name":"functions"},"function":{"name":"us-central1-placesNearby"},"extension":{},"message":"Finishing up request with event=finish"}}
[debug] [2024-03-04T17:33:29.465Z] Finishing up request with event=close {"metadata":{"emulator":{"name":"functions"},"function":{"name":"us-central1-placesNearby"},"extension":{},"message":"Finishing up request with event=close"}}
[debug] [2024-03-04T17:33:29.466Z] [work-queue] {"queuedWork":[],"queueLength":0,"runningWork":[],"workRunningCount":0}
